0 info it worked if it ends with ok
1 verbose cli [ 'C:\\Program Files\\nodejs\\node.exe',
1 verbose cli   'C:\\Program Files\\nodejs\\node_modules\\npm\\bin\\npm-cli.js',
1 verbose cli   'start' ]
2 info using npm@4.0.5
3 info using node@v7.4.0
4 verbose run-script [ 'prestart', 'start', 'poststart' ]
5 info lifecycle angular2-webpack@1.0.0~prestart: angular2-webpack@1.0.0
6 silly lifecycle angular2-webpack@1.0.0~prestart: no script for prestart, continuing
7 info lifecycle angular2-webpack@1.0.0~start: angular2-webpack@1.0.0
8 verbose lifecycle angular2-webpack@1.0.0~start: unsafe-perm in lifecycle true
9 verbose lifecycle angular2-webpack@1.0.0~start: PATH: C:\Program Files\nodejs\node_modules\npm\bin\node-gyp-bin;C:\dev\angular\angular-router-stepbystep\angularTestWebpack-router-06\node_modules\.bin;C:\cmdr\bin;C:\cmdr\vendor\conemu-maximus5\ConEmu\Scripts;C:\cmdr\vendor\conemu-maximus5;C:\cmdr\vendor\conemu-maximus5\ConEmu;C:\ProgramData\Oracle\Java\javapath;C:\Program Files\Microsoft MPI\Bin\;C:\Program Files (x86)\Intel\iCLS Client\;C:\Program Files\Intel\iCLS Client\;C:\windows\system32;C:\windows;C:\windows\System32\Wbem;C:\windows\System32\WindowsPowerShell\v1.0\;C:\Program Files\Lenovo\Fingerprint Manager Pro\;C:\Program Files\Intel\Intel(R) Management Engine Components\DAL;C:\Program Files (x86)\Intel\Intel(R) Management Engine Components\DAL;C:\Program Files\Intel\Intel(R) Management Engine Components\IPT;C:\Program Files (x86)\Intel\Intel(R) Management Engine Components\IPT;C:\Program Files\Microsoft SQL Server\130\Tools\Binn\;C:\Program Files (x86)\Microsoft SQL Server\130\Tools\Binn\;C:\Program Files (x86)\Microsoft SQL Server\130\DTS\Binn\;C:\Program Files\Microsoft SQL Server\130\DTS\Binn\;C:\Program Files\Microsoft SQL Server\Client SDK\ODBC\130\Tools\Binn\;C:\Program Files (x86)\Microsoft SQL Server\Client SDK\ODBC\130\Tools\Binn\;C:\Program Files (x86)\Microsoft SQL Server\130\Tools\Binn\ManagementStudio\;C:\Program Files\Git\cmd;C:\Program Files (x86)\IBM\Client Access\Emulator;C:\Program Files (x86)\IBM\Client Access\Shared;C:\Program Files (x86)\IBM\Client Access\;C:\Program Files\Seq\;C:\Program Files\nodejs\;C:\Program Files\dotnet\;C:\Program Files (x86)\Microsoft VS Code\bin;C:\Program Files (x86)\Markdown Monster;C:\Users\olagatt\AppData\Roaming\npm;C:\Program Files\Git\usr\bin;C:\Program Files\Git\usr\share\vim\vim74;C:\cmdr\
10 verbose lifecycle angular2-webpack@1.0.0~start: CWD: C:\dev\angular\angular-router-stepbystep\angularTestWebpack-router-06
11 silly lifecycle angular2-webpack@1.0.0~start: Args: [ '/d /s /c',
11 silly lifecycle   'webpack-dev-server --inline --progress --port 8080' ]
12 silly lifecycle angular2-webpack@1.0.0~start: Returned: code: 3221225786  signal: null
13 info lifecycle angular2-webpack@1.0.0~start: Failed to exec start script
14 verbose stack Error: angular2-webpack@1.0.0 start: `webpack-dev-server --inline --progress --port 8080`
14 verbose stack Exit status 3221225786
14 verbose stack     at EventEmitter.<anonymous> (C:\Program Files\nodejs\node_modules\npm\lib\utils\lifecycle.js:279:16)
14 verbose stack     at emitTwo (events.js:106:13)
14 verbose stack     at EventEmitter.emit (events.js:191:7)
14 verbose stack     at ChildProcess.<anonymous> (C:\Program Files\nodejs\node_modules\npm\lib\utils\spawn.js:40:14)
14 verbose stack     at emitTwo (events.js:106:13)
14 verbose stack     at ChildProcess.emit (events.js:191:7)
14 verbose stack     at maybeClose (internal/child_process.js:885:16)
14 verbose stack     at Process.ChildProcess._handle.onexit (internal/child_process.js:226:5)
15 verbose pkgid angular2-webpack@1.0.0
16 verbose cwd C:\dev\angular\angular-router-stepbystep\angularTestWebpack-router-06
17 error Windows_NT 6.3.9600
18 error argv "C:\\Program Files\\nodejs\\node.exe" "C:\\Program Files\\nodejs\\node_modules\\npm\\bin\\npm-cli.js" "start"
19 error node v7.4.0
20 error npm  v4.0.5
21 error code ELIFECYCLE
22 error angular2-webpack@1.0.0 start: `webpack-dev-server --inline --progress --port 8080`
22 error Exit status 3221225786
23 error Failed at the angular2-webpack@1.0.0 start script 'webpack-dev-server --inline --progress --port 8080'.
23 error Make sure you have the latest version of node.js and npm installed.
23 error If you do, this is most likely a problem with the angular2-webpack package,
23 error not with npm itself.
23 error Tell the author that this fails on your system:
23 error     webpack-dev-server --inline --progress --port 8080
23 error You can get information on how to open an issue for this project with:
23 error     npm bugs angular2-webpack
23 error Or if that isn't available, you can get their info via:
23 error     npm owner ls angular2-webpack
23 error There is likely additional logging output above.
24 verbose exit [ 1, true ]
